<?xml version="1.0" encoding="UTF-8"?>
<!-- Generated by org.testng.reporters.JUnitReportReporter -->
<testsuite hostname="WKSPUN05GTR0501" failures="0" tests="1" name="com.Runner.RunnerTestNG" time="61.220" errors="1" timestamp="2024-10-01T19:59:27 IST" skipped="0">
  <testcase classname="com.Runner.RunnerTestNG" name="runScenario" time="61.220">
    <error message="element click intercepted: Element &lt;img src=&quot;//cdn.fcglcdn.com/brainbees/images/products/300x364/18137794a.webp&quot; data-clone=&quot;18137794a.jpg;18137794b.jpg;18137794c.jpg;18137794d.jpg;&quot; alt=&quot;Babyhug Disney  Single Jersey Knit Full Sleeves Shirt With Winnie &amp;amp; Friends Print &amp;amp; Pocket Detailing - White&quot; title=&quot;Babyhug Disney  Single Jersey Knit Full Sleeves Shirt With Winnie &amp;amp; Friends Print &amp;amp; Pocket Detailing - White&quot; class=&quot;fade_img&quot;&gt; is not clickable at point (432, 488). Other element would receive the click: &lt;span class=&quot;wt lft&quot;&gt;...&lt;/span&gt;
  (Session info: chrome=129.0.6668.70)
Build info: version: &#039;4.20.0&#039;, revision: &#039;866c76ca80&#039;
System info: os.name: &#039;Windows 10&#039;, os.arch: &#039;amd64&#039;, os.version: &#039;10.0&#039;, java.version: &#039;17.0.10&#039;
Driver info: org.openqa.selenium.chrome.ChromeDriver
Command: [2c59dee8319fd97286bc73a5f32358fd, clickElement {id=f.E5EFC7A82FA43DC5B35BAE98A0DA9C2B.d.DD44C7E86428EAEB29E748924CD2F856.e.226}]
Capabilities {acceptInsecureCerts: false, browserName: chrome, browserVersion: 129.0.6668.70, chrome: {chromedriverVersion: 129.0.6668.70 (df87d5cf12b1..., userDataDir: C:\Users\ADARSH~1.YAD\AppDa...}, fedcm:accounts: true, goog:chromeOptions: {debuggerAddress: localhost:55289}, networkConnectionEnabled: false, pageLoadStrategy: normal, platformName: windows, proxy: Proxy(), se:cdp: ws://localhost:55289/devtoo..., se:cdpVersion: 129.0.6668.70, setWindowRect: true, strictFileInteractability: false, timeouts: {implicit: 0, pageLoad: 300000, script: 30000}, unhandledPromptBehavior: dismiss and notify, webauthn:extension:credBlob: true, webauthn:extension:largeBlob: true, webauthn:extension:minPinLength: true, webauthn:extension:prf: true, webauthn:virtualAuthenticators: true}
Element: [[ChromeDriver: chrome on windows (2c59dee8319fd97286bc73a5f32358fd)] -&gt; xpath: //img[@title=&quot;Babyhug Disney  Single Jersey Knit Full Sleeves Shirt With Winnie &amp; Friends Print &amp; Pocket Detailing - White&quot;]]
Session ID: 2c59dee8319fd97286bc73a5f32358fd" type="org.openqa.selenium.ElementClickInterceptedException">
      <![CDATA[org.openqa.selenium.ElementClickInterceptedException: element click intercepted: Element <img src="//cdn.fcglcdn.com/brainbees/images/products/300x364/18137794a.webp" data-clone="18137794a.jpg;18137794b.jpg;18137794c.jpg;18137794d.jpg;" alt="Babyhug Disney  Single Jersey Knit Full Sleeves Shirt With Winnie &amp; Friends Print &amp; Pocket Detailing - White" title="Babyhug Disney  Single Jersey Knit Full Sleeves Shirt With Winnie &amp; Friends Print &amp; Pocket Detailing - White" class="fade_img"> is not clickable at point (432, 488). Other element would receive the click: <span class="wt lft">...</span>
  (Session info: chrome=129.0.6668.70)
Build info: version: '4.20.0', revision: '866c76ca80'
System info: os.name: 'Windows 10', os.arch: 'amd64', os.version: '10.0', java.version: '17.0.10'
Driver info: org.openqa.selenium.chrome.ChromeDriver
Command: [2c59dee8319fd97286bc73a5f32358fd, clickElement {id=f.E5EFC7A82FA43DC5B35BAE98A0DA9C2B.d.DD44C7E86428EAEB29E748924CD2F856.e.226}]
Capabilities {acceptInsecureCerts: false, browserName: chrome, browserVersion: 129.0.6668.70, chrome: {chromedriverVersion: 129.0.6668.70 (df87d5cf12b1..., userDataDir: C:\Users\ADARSH~1.YAD\AppDa...}, fedcm:accounts: true, goog:chromeOptions: {debuggerAddress: localhost:55289}, networkConnectionEnabled: false, pageLoadStrategy: normal, platformName: windows, proxy: Proxy(), se:cdp: ws://localhost:55289/devtoo..., se:cdpVersion: 129.0.6668.70, setWindowRect: true, strictFileInteractability: false, timeouts: {implicit: 0, pageLoad: 300000, script: 30000}, unhandledPromptBehavior: dismiss and notify, webauthn:extension:credBlob: true, webauthn:extension:largeBlob: true, webauthn:extension:minPinLength: true, webauthn:extension:prf: true, webauthn:virtualAuthenticators: true}
Element: [[ChromeDriver: chrome on windows (2c59dee8319fd97286bc73a5f32358fd)] -> xpath: //img[@title="Babyhug Disney  Single Jersey Knit Full Sleeves Shirt With Winnie & Friends Print & Pocket Detailing - White"]]
Session ID: 2c59dee8319fd97286bc73a5f32358fd
at java.base/jdk.internal.reflect.NativeConstructorAccessorImpl.newInstance0(Native Method)
at java.base/jdk.internal.reflect.NativeConstructorAccessorImpl.newInstance(NativeConstructorAccessorImpl.java:77)
at java.base/jdk.internal.reflect.DelegatingConstructorAccessorImpl.newInstance(DelegatingConstructorAccessorImpl.java:45)
at java.base/java.lang.reflect.Constructor.newInstanceWithCaller(Constructor.java:499)
at java.base/java.lang.reflect.Constructor.newInstance(Constructor.java:480)
at org.openqa.selenium.remote.ErrorCodec.decode(ErrorCodec.java:167)
at org.openqa.selenium.remote.codec.w3c.W3CHttpResponseCodec.decode(W3CHttpResponseCodec.java:138)
at org.openqa.selenium.remote.codec.w3c.W3CHttpResponseCodec.decode(W3CHttpResponseCodec.java:50)
at org.openqa.selenium.remote.HttpCommandExecutor.execute(HttpCommandExecutor.java:190)
at org.openqa.selenium.remote.service.DriverCommandExecutor.invokeExecute(DriverCommandExecutor.java:216)
at org.openqa.selenium.remote.service.DriverCommandExecutor.execute(DriverCommandExecutor.java:174)
at org.openqa.selenium.remote.RemoteWebDriver.execute(RemoteWebDriver.java:518)
at org.openqa.selenium.remote.RemoteWebElement.execute(RemoteWebElement.java:223)
at org.openqa.selenium.remote.RemoteWebElement.click(RemoteWebElement.java:76)
at com.page.SearchPage.Select_product(SearchPage.java:21)
at com.stepsDefinitions.CartSteps.User_clicks_on_first_result(CartSteps.java:97)
at âœ½.User clicks on first result(file:///C:/Users/adarsh.yadav/eclipse-workspace/FirstCryProject/src/test/resource/com/Features/Cart.feature:9)
]]>
    </error>
  </testcase> <!-- runScenario -->
</testsuite> <!-- com.Runner.RunnerTestNG -->
