<html>
<head>
<title>TestNG:  Default test</title>
<link href="../testng.css" rel="stylesheet" type="text/css" />
<link href="../my-testng.css" rel="stylesheet" type="text/css" />

<style type="text/css">
.log { display: none;} 
.stack-trace { display: none;} 
</style>
<script type="text/javascript">
<!--
function flip(e) {
  current = e.style.display;
  if (current == 'block') {
    e.style.display = 'none';
    return 0;
  }
  else {
    e.style.display = 'block';
    return 1;
  }
}

function toggleBox(szDivId, elem, msg1, msg2)
{
  var res = -1;  if (document.getElementById) {
    res = flip(document.getElementById(szDivId));
  }
  else if (document.all) {
    // this is the way old msie versions work
    res = flip(document.all[szDivId]);
  }
  if(elem) {
    if(res == 0) elem.innerHTML = msg1; else elem.innerHTML = msg2;
  }

}

function toggleAllBoxes() {
  if (document.getElementsByTagName) {
    d = document.getElementsByTagName('div');
    for (i = 0; i < d.length; i++) {
      if (d[i].className == 'log') {
        flip(d[i]);
      }
    }
  }
}

// -->
</script>

</head>
<body>
<h2 align='center'>Default test</h2><table border='1' align="center">
<tr>
<td>Tests passed/Failed/Skipped:</td><td>0/1/0</td>
</tr><tr>
<td>Started on:</td><td>Tue Oct 01 19:58:25 IST 2024</td>
</tr>
<tr><td>Total time:</td><td>61 seconds (61579 ms)</td>
</tr><tr>
<td>Included groups:</td><td></td>
</tr><tr>
<td>Excluded groups:</td><td></td>
</tr>
</table><p/>
<small><i>(Hover the method name to see the test class name)</i></small><p/>
<table width='100%' border='1' class='invocation-failed'>
<tr><td colspan='4' align='center'><b>FAILED TESTS</b></td></tr>
<tr><td><b>Test method</b></td>
<td><b>Attribute(s)</b></td>
<td width="30%"><b>Exception</b></td>
<td width="10%"><b>Time (seconds)</b></td>
<td><b>Instance</b></td>
</tr>
<tr>
<td title='com.Runner.RunnerTestNG.runScenario()'><b>runScenario</b><br>Test class: com.Runner.RunnerTestNG<br>Test method: Runs Cucumber Scenarios<br>Parameters: "A user must be able to perform in the Cart", "Optional[Performs all operations in the cart]"</td>
<td><div><pre>org.openqa.selenium.ElementClickInterceptedException: element click intercepted: Element &lt;img src=&quot;//cdn.fcglcdn.com/brainbees/images/products/300x364/18137794a.webp&quot; data-clone=&quot;18137794a.jpg;18137794b.jpg;18137794c.jpg;18137794d.jpg;&quot; alt=&quot;Babyhug Disney  Single Jersey Knit Full Sleeves Shirt With Winnie &amp;amp; Friends Print &amp;amp; Pocket Detailing - White&quot; title=&quot;Babyhug Disney  Single Jersey Knit Full Sleeves Shirt With Winnie &amp;amp; Friends Print &amp;amp; Pocket Detailing - White&quot; class=&quot;fade_img&quot;&gt; is not clickable at point (432, 488). Other element would receive the click: &lt;span class=&quot;wt lft&quot;&gt;...&lt;/span&gt;
  (Session info: chrome=129.0.6668.70)
Build info: version: &apos;4.20.0&apos;, revision: &apos;866c76ca80&apos;
System info: os.name: &apos;Windows 10&apos;, os.arch: &apos;amd64&apos;, os.version: &apos;10.0&apos;, java.version: &apos;17.0.10&apos;
Driver info: org.openqa.selenium.chrome.ChromeDriver
Command: [2c59dee8319fd97286bc73a5f32358fd, clickElement {id=f.E5EFC7A82FA43DC5B35BAE98A0DA9C2B.d.DD44C7E86428EAEB29E748924CD2F856.e.226}]
Capabilities {acceptInsecureCerts: false, browserName: chrome, browserVersion: 129.0.6668.70, chrome: {chromedriverVersion: 129.0.6668.70 (df87d5cf12b1..., userDataDir: C:\Users\ADARSH~1.YAD\AppDa...}, fedcm:accounts: true, goog:chromeOptions: {debuggerAddress: localhost:55289}, networkConnectionEnabled: false, pageLoadStrategy: normal, platformName: windows, proxy: Proxy(), se:cdp: ws://localhost:55289/devtoo..., se:cdpVersion: 129.0.6668.70, setWindowRect: true, strictFileInteractability: false, timeouts: {implicit: 0, pageLoad: 300000, script: 30000}, unhandledPromptBehavior: dismiss and notify, webauthn:extension:credBlob: true, webauthn:extension:largeBlob: true, webauthn:extension:minPinLength: true, webauthn:extension:prf: true, webauthn:virtualAuthenticators: true}
Element: [[ChromeDriver: chrome on windows (2c59dee8319fd97286bc73a5f32358fd)] -&gt; xpath: //img[@title=&quot;Babyhug Disney  Single Jersey Knit Full Sleeves Shirt With Winnie &amp; Friends Print &amp; Pocket Detailing - White&quot;]]
Session ID: 2c59dee8319fd97286bc73a5f32358fd
	at java.base/jdk.internal.reflect.NativeConstructorAccessorImpl.newInstance0(Native Method)
	at java.base/jdk.internal.reflect.NativeConstructorAccessorImpl.newInstance(NativeConstructorAccessorImpl.java:77)
	at java.base/jdk.internal.reflect.DelegatingConstructorAccessorImpl.newInstance(DelegatingConstructorAccessorImpl.java:45)
	at java.base/java.lang.reflect.Constructor.newInstanceWithCaller(Constructor.java:499)
	at java.base/java.lang.reflect.Constructor.newInstance(Constructor.java:480)
	at org.openqa.selenium.remote.ErrorCodec.decode(ErrorCodec.java:167)
	at org.openqa.selenium.remote.codec.w3c.W3CHttpResponseCodec.decode(W3CHttpResponseCodec.java:138)
	at org.openqa.selenium.remote.codec.w3c.W3CHttpResponseCodec.decode(W3CHttpResponseCodec.java:50)
	at org.openqa.selenium.remote.HttpCommandExecutor.execute(HttpCommandExecutor.java:190)
	at org.openqa.selenium.remote.service.DriverCommandExecutor.invokeExecute(DriverCommandExecutor.java:216)
	at org.openqa.selenium.remote.service.DriverCommandExecutor.execute(DriverCommandExecutor.java:174)
	at org.openqa.selenium.remote.RemoteWebDriver.execute(RemoteWebDriver.java:518)
	at org.openqa.selenium.remote.RemoteWebElement.execute(RemoteWebElement.java:223)
	at org.openqa.selenium.remote.RemoteWebElement.click(RemoteWebElement.java:76)
	at com.page.SearchPage.Select_product(SearchPage.java:21)
	at com.stepsDefinitions.CartSteps.User_clicks_on_first_result(CartSteps.java:97)
	at ✽.User clicks on first result(file:///C:/Users/adarsh.yadav/eclipse-workspace/FirstCryProject/src/test/resource/com/Features/Cart.feature:9)
</pre></div><a href='#' onClick='toggleBox("stack-trace1198158701", this, "Click to show all stack frames", "Click to hide stack frames")'>Click to show all stack frames</a>
<div class='stack-trace' id='stack-trace1198158701'><pre>org.openqa.selenium.ElementClickInterceptedException: element click intercepted: Element &lt;img src=&quot;//cdn.fcglcdn.com/brainbees/images/products/300x364/18137794a.webp&quot; data-clone=&quot;18137794a.jpg;18137794b.jpg;18137794c.jpg;18137794d.jpg;&quot; alt=&quot;Babyhug Disney  Single Jersey Knit Full Sleeves Shirt With Winnie &amp;amp; Friends Print &amp;amp; Pocket Detailing - White&quot; title=&quot;Babyhug Disney  Single Jersey Knit Full Sleeves Shirt With Winnie &amp;amp; Friends Print &amp;amp; Pocket Detailing - White&quot; class=&quot;fade_img&quot;&gt; is not clickable at point (432, 488). Other element would receive the click: &lt;span class=&quot;wt lft&quot;&gt;...&lt;/span&gt;
  (Session info: chrome=129.0.6668.70)
Build info: version: &apos;4.20.0&apos;, revision: &apos;866c76ca80&apos;
System info: os.name: &apos;Windows 10&apos;, os.arch: &apos;amd64&apos;, os.version: &apos;10.0&apos;, java.version: &apos;17.0.10&apos;
Driver info: org.openqa.selenium.chrome.ChromeDriver
Command: [2c59dee8319fd97286bc73a5f32358fd, clickElement {id=f.E5EFC7A82FA43DC5B35BAE98A0DA9C2B.d.DD44C7E86428EAEB29E748924CD2F856.e.226}]
Capabilities {acceptInsecureCerts: false, browserName: chrome, browserVersion: 129.0.6668.70, chrome: {chromedriverVersion: 129.0.6668.70 (df87d5cf12b1..., userDataDir: C:\Users\ADARSH~1.YAD\AppDa...}, fedcm:accounts: true, goog:chromeOptions: {debuggerAddress: localhost:55289}, networkConnectionEnabled: false, pageLoadStrategy: normal, platformName: windows, proxy: Proxy(), se:cdp: ws://localhost:55289/devtoo..., se:cdpVersion: 129.0.6668.70, setWindowRect: true, strictFileInteractability: false, timeouts: {implicit: 0, pageLoad: 300000, script: 30000}, unhandledPromptBehavior: dismiss and notify, webauthn:extension:credBlob: true, webauthn:extension:largeBlob: true, webauthn:extension:minPinLength: true, webauthn:extension:prf: true, webauthn:virtualAuthenticators: true}
Element: [[ChromeDriver: chrome on windows (2c59dee8319fd97286bc73a5f32358fd)] -&gt; xpath: //img[@title=&quot;Babyhug Disney  Single Jersey Knit Full Sleeves Shirt With Winnie &amp; Friends Print &amp; Pocket Detailing - White&quot;]]
Session ID: 2c59dee8319fd97286bc73a5f32358fd
	at java.base/jdk.internal.reflect.NativeConstructorAccessorImpl.newInstance0(Native Method)
	at java.base/jdk.internal.reflect.NativeConstructorAccessorImpl.newInstance(NativeConstructorAccessorImpl.java:77)
	at java.base/jdk.internal.reflect.DelegatingConstructorAccessorImpl.newInstance(DelegatingConstructorAccessorImpl.java:45)
	at java.base/java.lang.reflect.Constructor.newInstanceWithCaller(Constructor.java:499)
	at java.base/java.lang.reflect.Constructor.newInstance(Constructor.java:480)
	at org.openqa.selenium.remote.ErrorCodec.decode(ErrorCodec.java:167)
	at org.openqa.selenium.remote.codec.w3c.W3CHttpResponseCodec.decode(W3CHttpResponseCodec.java:138)
	at org.openqa.selenium.remote.codec.w3c.W3CHttpResponseCodec.decode(W3CHttpResponseCodec.java:50)
	at org.openqa.selenium.remote.HttpCommandExecutor.execute(HttpCommandExecutor.java:190)
	at org.openqa.selenium.remote.service.DriverCommandExecutor.invokeExecute(DriverCommandExecutor.java:216)
	at org.openqa.selenium.remote.service.DriverCommandExecutor.execute(DriverCommandExecutor.java:174)
	at org.openqa.selenium.remote.RemoteWebDriver.execute(RemoteWebDriver.java:518)
	at org.openqa.selenium.remote.RemoteWebElement.execute(RemoteWebElement.java:223)
	at org.openqa.selenium.remote.RemoteWebElement.click(RemoteWebElement.java:76)
	at com.page.SearchPage.Select_product(SearchPage.java:21)
	at com.stepsDefinitions.CartSteps.User_clicks_on_first_result(CartSteps.java:97)
	at ✽.User clicks on first result(file:///C:/Users/adarsh.yadav/eclipse-workspace/FirstCryProject/src/test/resource/com/Features/Cart.feature:9)
</pre></div></td>
<td>61</td>
<td>com.Runner.RunnerTestNG@24569dba</td></tr>
</table><p>
</body>
</html>