<?xml version="1.0" encoding="UTF-8"?>
<!-- Generated by org.testng.reporters.JUnitXMLReporter -->
<testsuite ignored="0" hostname="WKSPUN05GTR0501" failures="1" tests="1" name="Default test" time="61.579" errors="0" timestamp="2024-10-01T19:59:26 IST">
  <testcase classname="io.cucumber.testng.AbstractTestNGCucumberTests" name="runScenario" time="61.22">
    <failure type="org.openqa.selenium.ElementClickInterceptedException" message="element click intercepted: Element &amp;lt;img src=&amp;quot;//cdn.fcglcdn.com/brainbees/images/products/300x364/18137794a.webp&amp;quot; data-clone=&amp;quot;18137794a.jpg;18137794b.jpg;18137794c.jpg;18137794d.jpg;&amp;quot; alt=&amp;quot;Babyhug Disney  Single Jersey Knit Full Sleeves Shirt With Winnie &amp;amp;amp; Friends Print &amp;amp;amp; Pocket Detailing - White&amp;quot; title=&amp;quot;Babyhug Disney  Single Jersey Knit Full Sleeves Shirt With Winnie &amp;amp;amp; Friends Print &amp;amp;amp; Pocket Detailing - White&amp;quot; class=&amp;quot;fade_img&amp;quot;&amp;gt; is not clickable at point (432, 488). Other element would receive the click: &amp;lt;span class=&amp;quot;wt lft&amp;quot;&amp;gt;...&amp;lt;/span&amp;gt;
  (Session info: chrome=129.0.6668.70)
Build info: version: &amp;apos;4.20.0&amp;apos;, revision: &amp;apos;866c76ca80&amp;apos;
System info: os.name: &amp;apos;Windows 10&amp;apos;, os.arch: &amp;apos;amd64&amp;apos;, os.version: &amp;apos;10.0&amp;apos;, java.version: &amp;apos;17.0.10&amp;apos;
Driver info: org.openqa.selenium.chrome.ChromeDriver
Command: [2c59dee8319fd97286bc73a5f32358fd, clickElement {id=f.E5EFC7A82FA43DC5B35BAE98A0DA9C2B.d.DD44C7E86428EAEB29E748924CD2F856.e.226}]
Capabilities {acceptInsecureCerts: false, browserName: chrome, browserVersion: 129.0.6668.70, chrome: {chromedriverVersion: 129.0.6668.70 (df87d5cf12b1..., userDataDir: C:\Users\ADARSH~1.YAD\AppDa...}, fedcm:accounts: true, goog:chromeOptions: {debuggerAddress: localhost:55289}, networkConnectionEnabled: false, pageLoadStrategy: normal, platformName: windows, proxy: Proxy(), se:cdp: ws://localhost:55289/devtoo..., se:cdpVersion: 129.0.6668.70, setWindowRect: true, strictFileInteractability: false, timeouts: {implicit: 0, pageLoad: 300000, script: 30000}, unhandledPromptBehavior: dismiss and notify, webauthn:extension:credBlob: true, webauthn:extension:largeBlob: true, webauthn:extension:minPinLength: true, webauthn:extension:prf: true, webauthn:virtualAuthenticators: true}
Element: [[ChromeDriver: chrome on windows (2c59dee8319fd97286bc73a5f32358fd)] -&amp;gt; xpath: //img[@title=&amp;quot;Babyhug Disney  Single Jersey Knit Full Sleeves Shirt With Winnie &amp;amp; Friends Print &amp;amp; Pocket Detailing - White&amp;quot;]]
Session ID: 2c59dee8319fd97286bc73a5f32358fd">
      <![CDATA[org.openqa.selenium.ElementClickInterceptedException: element click intercepted: Element <img src="//cdn.fcglcdn.com/brainbees/images/products/300x364/18137794a.webp" data-clone="18137794a.jpg;18137794b.jpg;18137794c.jpg;18137794d.jpg;" alt="Babyhug Disney  Single Jersey Knit Full Sleeves Shirt With Winnie &amp; Friends Print &amp; Pocket Detailing - White" title="Babyhug Disney  Single Jersey Knit Full Sleeves Shirt With Winnie &amp; Friends Print &amp; Pocket Detailing - White" class="fade_img"> is not clickable at point (432, 488). Other element would receive the click: <span class="wt lft">...</span>
  (Session info: chrome=129.0.6668.70)
Build info: version: '4.20.0', revision: '866c76ca80'
System info: os.name: 'Windows 10', os.arch: 'amd64', os.version: '10.0', java.version: '17.0.10'
Driver info: org.openqa.selenium.chrome.ChromeDriver
Command: [2c59dee8319fd97286bc73a5f32358fd, clickElement {id=f.E5EFC7A82FA43DC5B35BAE98A0DA9C2B.d.DD44C7E86428EAEB29E748924CD2F856.e.226}]
Capabilities {acceptInsecureCerts: false, browserName: chrome, browserVersion: 129.0.6668.70, chrome: {chromedriverVersion: 129.0.6668.70 (df87d5cf12b1..., userDataDir: C:\Users\ADARSH~1.YAD\AppDa...}, fedcm:accounts: true, goog:chromeOptions: {debuggerAddress: localhost:55289}, networkConnectionEnabled: false, pageLoadStrategy: normal, platformName: windows, proxy: Proxy(), se:cdp: ws://localhost:55289/devtoo..., se:cdpVersion: 129.0.6668.70, setWindowRect: true, strictFileInteractability: false, timeouts: {implicit: 0, pageLoad: 300000, script: 30000}, unhandledPromptBehavior: dismiss and notify, webauthn:extension:credBlob: true, webauthn:extension:largeBlob: true, webauthn:extension:minPinLength: true, webauthn:extension:prf: true, webauthn:virtualAuthenticators: true}
Element: [[ChromeDriver: chrome on windows (2c59dee8319fd97286bc73a5f32358fd)] -> xpath: //img[@title="Babyhug Disney  Single Jersey Knit Full Sleeves Shirt With Winnie & Friends Print & Pocket Detailing - White"]]
Session ID: 2c59dee8319fd97286bc73a5f32358fd
at java.base/jdk.internal.reflect.NativeConstructorAccessorImpl.newInstance0(Native Method)
at java.base/jdk.internal.reflect.NativeConstructorAccessorImpl.newInstance(NativeConstructorAccessorImpl.java:77)
at java.base/jdk.internal.reflect.DelegatingConstructorAccessorImpl.newInstance(DelegatingConstructorAccessorImpl.java:45)
at java.base/java.lang.reflect.Constructor.newInstanceWithCaller(Constructor.java:499)
at java.base/java.lang.reflect.Constructor.newInstance(Constructor.java:480)
at org.openqa.selenium.remote.ErrorCodec.decode(ErrorCodec.java:167)
at org.openqa.selenium.remote.codec.w3c.W3CHttpResponseCodec.decode(W3CHttpResponseCodec.java:138)
at org.openqa.selenium.remote.codec.w3c.W3CHttpResponseCodec.decode(W3CHttpResponseCodec.java:50)
at org.openqa.selenium.remote.HttpCommandExecutor.execute(HttpCommandExecutor.java:190)
at org.openqa.selenium.remote.service.DriverCommandExecutor.invokeExecute(DriverCommandExecutor.java:216)
at org.openqa.selenium.remote.service.DriverCommandExecutor.execute(DriverCommandExecutor.java:174)
at org.openqa.selenium.remote.RemoteWebDriver.execute(RemoteWebDriver.java:518)
at org.openqa.selenium.remote.RemoteWebElement.execute(RemoteWebElement.java:223)
at org.openqa.selenium.remote.RemoteWebElement.click(RemoteWebElement.java:76)
at com.page.SearchPage.Select_product(SearchPage.java:21)
at com.stepsDefinitions.CartSteps.User_clicks_on_first_result(CartSteps.java:97)
at âœ½.User clicks on first result(file:///C:/Users/adarsh.yadav/eclipse-workspace/FirstCryProject/src/test/resource/com/Features/Cart.feature:9)
]]>
    </failure>
  </testcase> <!-- runScenario -->
</testsuite> <!-- Default test -->
